<?xml version="1.0" encoding="utf-8"?><testsuites><testsuite name="pytest" errors="0" failures="0" skipped="0" tests="2" time="0.793" timestamp="2023-06-22T23:10:57.213490" hostname="64c6c4f9d699"><testcase classname="src.tests.application.controllers.test_Register_Controller" name="test_create_Register" time="0.207" /><testcase classname="src.tests.application.controllers.test_Register_Controller" name="test_find_all_student" time="0.195" /></testsuite></testsuites>