<?xml version="1.0" encoding="utf-8"?><testsuites><testsuite name="pytest" errors="0" failures="0" skipped="0" tests="16" time="5.941" timestamp="2023-06-26T20:19:39.966611" hostname="caioba-550XDA"><testcase classname="src.tests.application.controllers.test_Classroom_Controller" name="test_create_classroom" time="0.644" /><testcase classname="src.tests.application.controllers.test_Classroom_Controller" name="test_find_all" time="0.570" /><testcase classname="src.tests.application.controllers.test_Classroom_Controller" name="test_delete_classroom" time="1.945" /><testcase classname="src.tests.application.controllers.test_Instrucao_Capacitacao_Controller" name="test_create_instrucao" time="0.796" /><testcase classname="src.tests.application.controllers.test_Instrucao_Capacitacao_Controller" name="test_read_all_instrucoes" time="0.579" /><testcase classname="src.tests.application.controllers.test_Instrucao_Capacitacao_Controller" name="test_delete_instrucao" time="0.746" /><testcase classname="src.tests.application.useCases.test_CadastrarCursoUseCase" name="test_save_curso_valido[curso_sent0]" time="0.048" /><testcase classname="src.tests.application.useCases.test_CadastrarCursoUseCase" name="test_save_curso_valido[curso_sent1]" time="0.002" /><testcase classname="src.tests.application.useCases.test_CadastrarCursoUseCase" name="test_save_curso_valido[curso_sent2]" time="0.002" /><testcase classname="src.tests.application.useCases.test_CadastrarCursoUseCase" name="test_save_curso_valido[curso_sent3]" time="0.001" /><testcase classname="src.tests.application.useCases.test_CadastrarCursoUseCase" name="test_save_curso_valido[curso_sent4]" time="0.001" /><testcase classname="src.tests.application.useCases.test_CadastrarCursoUseCase" name="test_curso_find_all_ja_cadastrados" time="0.001" /><testcase classname="src.tests.application.useCases.test_InstrucaoCapacitacaoUseCase" name="test_save_instrucao_valida[instrucaoCapacitacaoSent0]" time="0.040" /><testcase classname="src.tests.application.useCases.test_InstrucaoCapacitacaoUseCase" name="test_save_instrucao_valida[instrucaoCapacitacaoSent1]" time="0.001" /><testcase classname="src.tests.application.useCases.test_InstrucaoCapacitacaoUseCase" name="test_instrucao_find_all_ja_cadastrados" time="0.001" /><testcase classname="src.tests.application.useCases.test_InstrucaoCapacitacaoUseCase" name="test_update_instrucao_valida" time="0.073" /></testsuite></testsuites>